# JRE version: Java(TM) SE Runtime Environment (8.0_191-b12) (build 1.8.0_191-b12)
# Java VM: Java HotSpot(TM) 64-Bit Server VM (25.191-b12 mixed mode windows-amd64 compressed oops)
Heap:
 PSYoungGen      total 359424K, used 129039K [0x000000076ab00000, 0x0000000783f80000, 0x00000007c0000000)
  eden space 344576K, 37% used [0x000000076ab00000,0x0000000772887810,0x000000077fb80000)
  from space 14848K, 3% used [0x0000000781b00000,0x0000000781b7c450,0x0000000782980000)
  to   space 32256K, 0% used [0x000000077fb80000,0x000000077fb80000,0x0000000781b00000)
 ParOldGen       total 75264K, used 74894K [0x00000006c0000000, 0x00000006c4980000, 0x000000076ab00000)
  object space 75264K, 99% used [0x00000006c0000000,0x00000006c49238c0,0x00000006c4980000)
 Metaspace       used 102965K, capacity 115633K, committed 115712K, reserved 1146880K
  class space    used 14546K, capacity 18628K, committed 18688K, reserved 1048576K
GC Heap History (10 events):
Event: 11.009 GC heap before
{Heap before GC invocations=12 (full 2):
 PSYoungGen      total 198144K, used 195830K [0x000000076ab00000, 0x000000077c680000, 0x00000007c0000000)
  eden space 187392K, 100% used [0x000000076ab00000,0x0000000776200000,0x0000000776200000)
  from space 10752K, 78% used [0x0000000776200000,0x0000000776a3d968,0x0000000776c80000)
  to   space 11264K, 0% used [0x000000077bb80000,0x000000077bb80000,0x000000077c680000)
 ParOldGen       total 68608K, used 13137K [0x00000006c0000000, 0x00000006c4300000, 0x000000076ab00000)
  object space 68608K, 19% used [0x00000006c0000000,0x00000006c0cd4500,0x00000006c4300000)
 Metaspace       used 48412K, capacity 53661K, committed 53760K, reserved 1095680K
  class space    used 6368K, capacity 6873K, committed 6912K, reserved 1048576K
Event: 11.042 GC heap after
Heap after GC invocations=12 (full 2):
 PSYoungGen      total 273920K, used 11238K [0x000000076ab00000, 0x000000077c980000, 0x00000007c0000000)
  eden space 262656K, 0% used [0x000000076ab00000,0x000000076ab00000,0x000000077ab80000)
  from space 11264K, 99% used [0x000000077bb80000,0x000000077c6799d0,0x000000077c680000)
  to   space 15360K, 0% used [0x000000077ab80000,0x000000077ab80000,0x000000077ba80000)
 ParOldGen       total 68608K, used 21368K [0x00000006c0000000, 0x00000006c4300000, 0x000000076ab00000)
  object space 68608K, 31% used [0x00000006c0000000,0x00000006c14de230,0x00000006c4300000)
 Metaspace       used 48412K, capacity 53661K, committed 53760K, reserved 1095680K
  class space    used 6368K, capacity 6873K, committed 6912K, reserved 1048576K
}
Event: 12.433 GC heap before
{Heap before GC invocations=13 (full 2):
 PSYoungGen      total 273920K, used 272869K [0x000000076ab00000, 0x000000077c980000, 0x00000007c0000000)
  eden space 262656K, 99% used [0x000000076ab00000,0x000000077aa7fe10,0x000000077ab80000)
  from space 11264K, 99% used [0x000000077bb80000,0x000000077c6799d0,0x000000077c680000)
  to   space 15360K, 0% used [0x000000077ab80000,0x000000077ab80000,0x000000077ba80000)
 ParOldGen       total 68608K, used 21368K [0x00000006c0000000, 0x00000006c4300000, 0x000000076ab00000)
  object space 68608K, 31% used [0x00000006c0000000,0x00000006c14de230,0x00000006c4300000)
 Metaspace       used 53172K, capacity 58875K, committed 59008K, reserved 1101824K
  class space    used 6924K, capacity 7485K, committed 7552K, reserved 1048576K
Event: 12.466 GC heap after
Heap after GC invocations=13 (full 2):
 PSYoungGen      total 278016K, used 9013K [0x000000076ab00000, 0x0000000782980000, 0x00000007c0000000)
  eden space 262656K, 0% used [0x000000076ab00000,0x000000076ab00000,0x000000077ab80000)
  from space 15360K, 58% used [0x000000077ab80000,0x000000077b44d618,0x000000077ba80000)
  to   space 14848K, 0% used [0x0000000781b00000,0x0000000781b00000,0x0000000782980000)
 ParOldGen       total 68608K, used 25566K [0x00000006c0000000, 0x00000006c4300000, 0x000000076ab00000)
  object space 68608K, 37% used [0x00000006c0000000,0x00000006c18f79e0,0x00000006c4300000)
 Metaspace       used 53172K, capacity 58875K, committed 59008K, reserved 1101824K
  class space    used 6924K, capacity 7485K, committed 7552K, reserved 1048576K
}
Event: 12.467 GC heap before
{Heap before GC invocations=14 (full 3):
 PSYoungGen      total 278016K, used 9013K [0x000000076ab00000, 0x0000000782980000, 0x00000007c0000000)
  eden space 262656K, 0% used [0x000000076ab00000,0x000000076ab00000,0x000000077ab80000)
  from space 15360K, 58% used [0x000000077ab80000,0x000000077b44d618,0x000000077ba80000)
  to   space 14848K, 0% used [0x0000000781b00000,0x0000000781b00000,0x0000000782980000)
 ParOldGen       total 68608K, used 25566K [0x00000006c0000000, 0x00000006c4300000, 0x000000076ab00000)
  object space 68608K, 37% used [0x00000006c0000000,0x00000006c18f79e0,0x00000006c4300000)
 Metaspace       used 53172K, capacity 58875K, committed 59008K, reserved 1101824K
  class space    used 6924K, capacity 7485K, committed 7552K, reserved 1048576K
Event: 12.689 GC heap after
Heap after GC invocations=14 (full 3):
 PSYoungGen      total 278016K, used 0K [0x000000076ab00000, 0x0000000782980000, 0x00000007c0000000)
  eden space 262656K, 0% used [0x000000076ab00000,0x000000076ab00000,0x000000077ab80000)
  from space 15360K, 0% used [0x000000077ab80000,0x000000077ab80000,0x000000077ba80000)
  to   space 14848K, 0% used [0x0000000781b00000,0x0000000781b00000,0x0000000782980000)
 ParOldGen       total 75264K, used 24025K [0x00000006c0000000, 0x00000006c4980000, 0x000000076ab00000)
  object space 75264K, 31% used [0x00000006c0000000,0x00000006c1776410,0x00000006c4980000)
 Metaspace       used 53172K, capacity 58875K, committed 59008K, reserved 1101824K
  class space    used 6924K, capacity 7485K, committed 7552K, reserved 1048576K
}
Event: 48.064 GC heap before
{Heap before GC invocations=15 (full 3):
 PSYoungGen      total 278016K, used 262656K [0x000000076ab00000, 0x0000000782980000, 0x00000007c0000000)
  eden space 262656K, 100% used [0x000000076ab00000,0x000000077ab80000,0x000000077ab80000)
  from space 15360K, 0% used [0x000000077ab80000,0x000000077ab80000,0x000000077ba80000)
  to   space 14848K, 0% used [0x0000000781b00000,0x0000000781b00000,0x0000000782980000)
 ParOldGen       total 75264K, used 24025K [0x00000006c0000000, 0x00000006c4980000, 0x000000076ab00000)
  object space 75264K, 31% used [0x00000006c0000000,0x00000006c1776410,0x00000006c4980000)
 Metaspace       used 83079K, capacity 94372K, committed 94720K, reserved 1128448K
  class space    used 11758K, capacity 15757K, committed 15872K, reserved 1048576K
Event: 48.111 GC heap after
Heap after GC invocations=15 (full 3):
 PSYoungGen      total 359424K, used 14834K [0x000000076ab00000, 0x0000000783f80000, 0x00000007c0000000)
  eden space 344576K, 0% used [0x000000076ab00000,0x000000076ab00000,0x000000077fb80000)
  from space 14848K, 99% used [0x0000000781b00000,0x000000078297c9b8,0x0000000782980000)
  to   space 32256K, 0% used [0x000000077fb80000,0x000000077fb80000,0x0000000781b00000)
 ParOldGen       total 75264K, used 66279K [0x00000006c0000000, 0x00000006c4980000, 0x000000076ab00000)
  object space 75264K, 88% used [0x00000006c0000000,0x00000006c40b9f60,0x00000006c4980000)
 Metaspace       used 83079K, capacity 94372K, committed 94720K, reserved 1128448K
  class space    used 11758K, capacity 15757K, committed 15872K, reserved 1048576K
}
Event: 48.111 GC heap before
{Heap before GC invocations=16 (full 4):
 PSYoungGen      total 359424K, used 14834K [0x000000076ab00000, 0x0000000783f80000, 0x00000007c0000000)
  eden space 344576K, 0% used [0x000000076ab00000,0x000000076ab00000,0x000000077fb80000)
  from space 14848K, 99% used [0x0000000781b00000,0x000000078297c9b8,0x0000000782980000)
  to   space 32256K, 0% used [0x000000077fb80000,0x000000077fb80000,0x0000000781b00000)
 ParOldGen       total 75264K, used 66279K [0x00000006c0000000, 0x00000006c4980000, 0x000000076ab00000)
  object space 75264K, 88% used [0x00000006c0000000,0x00000006c40b9f60,0x00000006c4980000)
 Metaspace       used 83079K, capacity 94372K, committed 94720K, reserved 1128448K
  class space    used 11758K, capacity 15757K, committed 15872K, reserved 1048576K
Event: 48.283 GC heap after
Heap after GC invocations=16 (full 4):
 PSYoungGen      total 359424K, used 497K [0x000000076ab00000, 0x0000000783f80000, 0x00000007c0000000)
  eden space 344576K, 0% used [0x000000076ab00000,0x000000076ab00000,0x000000077fb80000)
  from space 14848K, 3% used [0x0000000781b00000,0x0000000781b7c450,0x0000000782980000)
  to   space 32256K, 0% used [0x000000077fb80000,0x000000077fb80000,0x0000000781b00000)
 ParOldGen       total 75264K, used 74894K [0x00000006c0000000, 0x00000006c4980000, 0x000000076ab00000)
  object space 75264K, 99% used [0x00000006c0000000,0x00000006c49238c0,0x00000006c4980000)
 Metaspace       used 83068K, capacity 94348K, committed 94720K, reserved 1128448K
  class space    used 11754K, capacity 15753K, committed 15872K, reserved 1048576K
}

